0 verbose cli /home/nessa1/.nvm/versions/node/v18.18.2/bin/node /home/nessa1/.nvm/versions/node/v18.18.2/bin/npm
1 info using npm@9.8.1
2 info using node@v18.18.2
3 timing npm:load:whichnode Completed in 15ms
4 timing config:load:defaults Completed in 5ms
5 timing config:load:file:/home/nessa1/.nvm/versions/node/v18.18.2/lib/node_modules/npm/npmrc Completed in 7ms
6 timing config:load:builtin Completed in 7ms
7 timing config:load:cli Completed in 5ms
8 timing config:load:env Completed in 0ms
9 timing config:load:project Completed in 6ms
10 timing config:load:file:/home/nessa1/.npmrc Completed in 1ms
11 timing config:load:user Completed in 1ms
12 timing config:load:file:/home/nessa1/.nvm/versions/node/v18.18.2/etc/npmrc Completed in 1ms
13 timing config:load:global Completed in 1ms
14 timing config:load:setEnvs Completed in 1ms
15 timing config:load Completed in 27ms
16 timing npm:load:configload Completed in 27ms
17 timing config:load:flatten Completed in 5ms
18 timing npm:load:mkdirpcache Completed in 1ms
19 timing npm:load:mkdirplogs Completed in 1ms
20 verbose title npm create vite@latest
21 verbose argv "create" "vite@latest"
22 timing npm:load:setTitle Completed in 1ms
23 timing npm:load:display Completed in 1ms
24 verbose logfile logs-max:10 dir:/home/nessa1/.npm/_logs/2023-12-20T19_28_38_619Z-
25 verbose logfile /home/nessa1/.npm/_logs/2023-12-20T19_28_38_619Z-debug-0.log
26 timing npm:load:logFile Completed in 17ms
27 timing npm:load:timers Completed in 0ms
28 timing npm:load:configScope Completed in 0ms
29 timing npm:load Completed in 103ms
30 timing arborist:ctor Completed in 1ms
31 silly logfile done cleaning log files
32 http fetch GET 200 https://registry.npmjs.org/create-vite 315ms (cache miss)
33 timing arborist:ctor Completed in 0ms
34 http fetch GET 200 https://registry.npmjs.org/npm 407ms (cache updated)
35 timing arborist:ctor Completed in 0ms
36 timing idealTree:init Completed in 9ms
37 timing idealTree:userRequests Completed in 5ms
38 silly idealTree buildDeps
39 silly fetch manifest create-vite@5.1.0
40 http fetch GET 200 https://registry.npmjs.org/create-vite 19ms (cache hit)
41 silly placeDep ROOT create-vite@5.1.0 OK for:  want: 5.1.0
42 timing idealTree:#root Completed in 35ms
43 timing idealTree:node_modules/create-vite Completed in 0ms
44 timing idealTree:buildDeps Completed in 36ms
45 timing idealTree:fixDepFlags Completed in 1ms
46 timing idealTree Completed in 55ms
47 timing reify:loadTrees Completed in 55ms
48 timing reify:diffTrees Completed in 1ms
49 silly reify moves {}
50 timing reify:retireShallow Completed in 2ms
51 timing reify:createSparse Completed in 11ms
52 timing reify:loadBundles Completed in 0ms
53 silly audit bulk request { 'create-vite': [ '5.1.0' ] }
54 silly tarball no local data for create-vite@https://registry.npmjs.org/create-vite/-/create-vite-5.1.0.tgz. Extracting by manifest.
55 http fetch POST 200 https://registry.npmjs.org/-/npm/v1/security/advisories/bulk 174ms
56 timing auditReport:getReport Completed in 177ms
57 silly audit report {}
58 timing auditReport:init Completed in 0ms
59 timing reify:audit Completed in 178ms
60 http fetch GET 200 https://registry.npmjs.org/create-vite/-/create-vite-5.1.0.tgz 316ms (cache miss)
61 timing reifyNode:node_modules/create-vite Completed in 329ms
62 timing reify:unpack Completed in 329ms
63 timing reify:unretire Completed in 1ms
64 timing build:queue Completed in 1ms
65 timing build:link:node_modules/create-vite Completed in 5ms
66 timing build:link Completed in 5ms
67 timing build:deps Completed in 7ms
68 timing build Completed in 7ms
69 timing reify:build Completed in 7ms
70 timing reify:trash Completed in 0ms
71 timing reify:save Completed in 8ms
72 timing reify Completed in 426ms
