0 verbose cli /home/nessa1/.nvm/versions/node/v18.18.2/bin/node /home/nessa1/.nvm/versions/node/v18.18.2/bin/npm
1 info using npm@9.8.1
2 info using node@v18.18.2
3 timing npm:load:whichnode Completed in 2ms
4 timing config:load:defaults Completed in 2ms
5 timing config:load:file:/home/nessa1/.nvm/versions/node/v18.18.2/lib/node_modules/npm/npmrc Completed in 5ms
6 timing config:load:builtin Completed in 6ms
7 timing config:load:cli Completed in 1ms
8 timing config:load:env Completed in 1ms
9 timing config:load:file:/mnt/c/Users/vanes/OneDrive/Documents/coursework/odds/Unit2.OddsAndEvents.Starter/.npmrc Completed in 0ms
10 timing config:load:project Completed in 9ms
11 timing config:load:file:/home/nessa1/.npmrc Completed in 0ms
12 timing config:load:user Completed in 1ms
13 timing config:load:file:/home/nessa1/.nvm/versions/node/v18.18.2/etc/npmrc Completed in 0ms
14 timing config:load:global Completed in 0ms
15 timing config:load:setEnvs Completed in 1ms
16 timing config:load Completed in 21ms
17 timing npm:load:configload Completed in 21ms
18 timing config:load:flatten Completed in 3ms
19 timing npm:load:mkdirpcache Completed in 0ms
20 timing npm:load:mkdirplogs Completed in 0ms
21 verbose title npm test
22 verbose argv "test"
23 timing npm:load:setTitle Completed in 1ms
24 timing npm:load:display Completed in 0ms
25 verbose logfile logs-max:10 dir:/home/nessa1/.npm/_logs/2023-11-29T20_22_39_354Z-
26 verbose logfile /home/nessa1/.npm/_logs/2023-11-29T20_22_39_354Z-debug-0.log
27 timing npm:load:logFile Completed in 7ms
28 timing npm:load:timers Completed in 0ms
29 timing npm:load:configScope Completed in 0ms
30 timing npm:load Completed in 48ms
31 timing command:run-script Completed in 6ms
32 timing command:test Completed in 15ms
33 verbose stack Error: Could not read package.json: Error: ENOENT: no such file or directory, open '/mnt/c/Users/vanes/OneDrive/Documents/coursework/odds/Unit2.OddsAndEvents.Starter/package.json'
34 verbose cwd /mnt/c/Users/vanes/OneDrive/Documents/coursework/odds/Unit2.OddsAndEvents.Starter
35 verbose Linux 5.10.102.1-microsoft-standard-WSL2
36 verbose node v18.18.2
37 verbose npm  v9.8.1
38 error code ENOENT
39 error syscall open
40 error path /mnt/c/Users/vanes/OneDrive/Documents/coursework/odds/Unit2.OddsAndEvents.Starter/package.json
41 error errno -2
42 error enoent Could not read package.json: Error: ENOENT: no such file or directory, open '/mnt/c/Users/vanes/OneDrive/Documents/coursework/odds/Unit2.OddsAndEvents.Starter/package.json'
43 error enoent This is related to npm not being able to find a file.
43 error enoent
44 verbose exit -2
45 timing npm Completed in 101ms
46 verbose code -2
47 error A complete log of this run can be found in: /home/nessa1/.npm/_logs/2023-11-29T20_22_39_354Z-debug-0.log
