0 verbose cli /home/nessa1/.nvm/versions/node/v18.18.2/bin/node /home/nessa1/.nvm/versions/node/v18.18.2/bin/npm
1 info using npm@9.8.1
2 info using node@v18.18.2
3 timing npm:load:whichnode Completed in 3ms
4 timing config:load:defaults Completed in 5ms
5 timing config:load:file:/home/nessa1/.nvm/versions/node/v18.18.2/lib/node_modules/npm/npmrc Completed in 6ms
6 timing config:load:builtin Completed in 8ms
7 timing config:load:cli Completed in 5ms
8 timing config:load:env Completed in 1ms
9 timing config:load:file:/mnt/c/Users/vanes/OneDrive/Documents/coursework/presci/Unit2.Prescription.StarterCode/.npmrc Completed in 1ms
10 timing config:load:project Completed in 26ms
11 timing config:load:file:/home/nessa1/.npmrc Completed in 0ms
12 timing config:load:user Completed in 0ms
13 timing config:load:file:/home/nessa1/.nvm/versions/node/v18.18.2/etc/npmrc Completed in 0ms
14 timing config:load:global Completed in 0ms
15 timing config:load:setEnvs Completed in 2ms
16 timing config:load Completed in 50ms
17 timing npm:load:configload Completed in 50ms
18 timing config:load:flatten Completed in 5ms
19 timing npm:load:mkdirpcache Completed in 2ms
20 timing npm:load:mkdirplogs Completed in 0ms
21 verbose title npm test
22 verbose argv "test"
23 timing npm:load:setTitle Completed in 1ms
24 timing npm:load:display Completed in 1ms
25 verbose logfile logs-max:10 dir:/home/nessa1/.npm/_logs/2023-11-29T04_44_31_118Z-
26 verbose logfile /home/nessa1/.npm/_logs/2023-11-29T04_44_31_118Z-debug-0.log
27 timing npm:load:logFile Completed in 18ms
28 timing npm:load:timers Completed in 0ms
29 timing npm:load:configScope Completed in 0ms
30 timing npm:load Completed in 109ms
31 silly logfile done cleaning log files
32 timing command:run-script Completed in 106999ms
33 timing command:test Completed in 107012ms
34 verbose exit 1
35 timing npm Completed in 107198ms
36 verbose code 1
