0 verbose cli /home/nessa1/.nvm/versions/node/v18.18.2/bin/node /home/nessa1/.nvm/versions/node/v18.18.2/bin/npm
1 info using npm@10.2.5
2 info using node@v18.18.2
3 timing npm:load:whichnode Completed in 3ms
4 timing config:load:defaults Completed in 2ms
5 timing config:load:file:/home/nessa1/.nvm/versions/node/v18.18.2/lib/node_modules/npm/npmrc Completed in 0ms
6 timing config:load:builtin Completed in 0ms
7 timing config:load:cli Completed in 2ms
8 timing config:load:env Completed in 0ms
9 timing config:load:file:/mnt/c/Users/vanes/OneDrive/Documents/coursework/block27c/my-app/.npmrc Completed in 1ms
10 timing config:load:project Completed in 9ms
11 timing config:load:file:/home/nessa1/.npmrc Completed in 0ms
12 timing config:load:user Completed in 0ms
13 timing config:load:file:/home/nessa1/.nvm/versions/node/v18.18.2/etc/npmrc Completed in 0ms
14 timing config:load:global Completed in 0ms
15 timing config:load:setEnvs Completed in 0ms
16 timing config:load Completed in 14ms
17 timing npm:load:configload Completed in 14ms
18 timing config:load:flatten Completed in 2ms
19 timing npm:load:mkdirpcache Completed in 0ms
20 timing npm:load:mkdirplogs Completed in 0ms
21 verbose title npm run dev
22 verbose argv "run" "dev"
23 timing npm:load:setTitle Completed in 1ms
24 timing npm:load:display Completed in 0ms
25 verbose logfile logs-max:10 dir:/home/nessa1/.npm/_logs/2024-01-19T01_27_58_360Z-
26 verbose logfile /home/nessa1/.npm/_logs/2024-01-19T01_27_58_360Z-debug-0.log
27 timing npm:load:logFile Completed in 6ms
28 timing npm:load:timers Completed in 0ms
29 timing npm:load:configScope Completed in 0ms
30 timing npm:load Completed in 36ms
31 silly logfile start cleaning logs, removing 1 files
32 silly logfile done cleaning log files
