2023-11-09 13:20:32.159 [info] Extension host with pid 250 started
2023-11-09 13:20:32.213 [info] ExtensionService#_doActivateExtension vscode.git-base, startup: true, activationEvent: '*', root cause: vscode.git
2023-11-09 13:20:32.238 [info] Lock '/home/nessa1/.vscode-server/data/User/workspaceStorage/96c9769916b1d47303201100590ab5cb/vscode.lock': Lock acquired.
2023-11-09 13:20:32.259 [info] ExtensionService#_doActivateExtension vscode.git, startup: true, activationEvent: '*'
2023-11-09 13:20:32.260 [info] ExtensionService#_doActivateExtension vscode.github, startup: true, activationEvent: '*'
2023-11-09 13:20:32.799 [info] Eager extensions activated
2023-11-09 13:20:32.799 [info] ExtensionService#_doActivateExtension vscode.debug-auto-launch, startup: false, activationEvent: 'onStartupFinished'
2023-11-09 13:20:32.800 [info] ExtensionService#_doActivateExtension vscode.merge-conflict, startup: false, activationEvent: 'onStartupFinished'
2023-11-09 13:22:24.385 [info] Extension host terminating: received terminate message from renderer
2023-11-09 13:22:24.386 [info] Lock '/home/nessa1/.vscode-server/data/User/workspaceStorage/96c9769916b1d47303201100590ab5cb/vscode.lock': Marking the lockfile as scheduled to be released in 6000 ms.
2023-11-09 13:22:24.456 [error] Canceled: Canceled
	at new f (/home/nessa1/.vscode-server/bin/2b35e1e6d88f1ce073683991d1eff5284a32690f/out/vs/workbench/api/node/extensionHostProcess.js:125:108614)
	at n.U (/home/nessa1/.vscode-server/bin/2b35e1e6d88f1ce073683991d1eff5284a32690f/out/vs/workbench/api/node/extensionHostProcess.js:134:10873)
	at F.<computed>.z.charCodeAt.F.<computed> (/home/nessa1/.vscode-server/bin/2b35e1e6d88f1ce073683991d1eff5284a32690f/out/vs/workbench/api/node/extensionHostProcess.js:134:8315)
	at i.g (/home/nessa1/.vscode-server/bin/2b35e1e6d88f1ce073683991d1eff5284a32690f/out/vs/workbench/api/node/extensionHostProcess.js:125:139130)
	at i.executeCommand (/home/nessa1/.vscode-server/bin/2b35e1e6d88f1ce073683991d1eff5284a32690f/out/vs/workbench/api/node/extensionHostProcess.js:125:138568)
	at $.registerCommand.description (/home/nessa1/.vscode-server/bin/2b35e1e6d88f1ce073683991d1eff5284a32690f/out/vs/workbench/api/node/extensionHostProcess.js:125:137892)
	at i.h (/home/nessa1/.vscode-server/bin/2b35e1e6d88f1ce073683991d1eff5284a32690f/out/vs/workbench/api/node/extensionHostProcess.js:125:139669)
	at i.g (/home/nessa1/.vscode-server/bin/2b35e1e6d88f1ce073683991d1eff5284a32690f/out/vs/workbench/api/node/extensionHostProcess.js:125:138661)
	at i.executeCommand (/home/nessa1/.vscode-server/bin/2b35e1e6d88f1ce073683991d1eff5284a32690f/out/vs/workbench/api/node/extensionHostProcess.js:125:138568)
	at Object.executeCommand (/home/nessa1/.vscode-server/bin/2b35e1e6d88f1ce073683991d1eff5284a32690f/out/vs/workbench/api/node/extensionHostProcess.js:140:21329)
	at h.D [as value] (/home/nessa1/.vscode-server/bin/2b35e1e6d88f1ce073683991d1eff5284a32690f/extensions/git/dist/main.js:2:1316925)
	at c.y (/home/nessa1/.vscode-server/bin/2b35e1e6d88f1ce073683991d1eff5284a32690f/out/vs/workbench/api/node/extensionHostProcess.js:80:1902)
	at c.z (/home/nessa1/.vscode-server/bin/2b35e1e6d88f1ce073683991d1eff5284a32690f/out/vs/workbench/api/node/extensionHostProcess.js:80:1972)
	at c.fire (/home/nessa1/.vscode-server/bin/2b35e1e6d88f1ce073683991d1eff5284a32690f/out/vs/workbench/api/node/extensionHostProcess.js:80:2188)
	at Object.m [as dispose] (/home/nessa1/.vscode-server/bin/2b35e1e6d88f1ce073683991d1eff5284a32690f/extensions/git/dist/main.js:2:1332842)
	at /home/nessa1/.vscode-server/bin/2b35e1e6d88f1ce073683991d1eff5284a32690f/extensions/git/dist/main.js:2:1337795
	at Array.forEach (<anonymous>)
	at g.dispose (/home/nessa1/.vscode-server/bin/2b35e1e6d88f1ce073683991d1eff5284a32690f/extensions/git/dist/main.js:2:1337781)
	at w.<anonymous> (/home/nessa1/.vscode-server/bin/2b35e1e6d88f1ce073683991d1eff5284a32690f/out/vs/workbench/api/node/extensionHostProcess.js:121:3572)
	at w.dispose (/home/nessa1/.vscode-server/bin/2b35e1e6d88f1ce073683991d1eff5284a32690f/out/vs/workbench/api/node/extensionHostProcess.js:121:3669)
	at w.<anonymous> (/home/nessa1/.vscode-server/bin/2b35e1e6d88f1ce073683991d1eff5284a32690f/extensions/git/dist/main.js:2:1318937)
	at w.dispose (/home/nessa1/.vscode-server/bin/2b35e1e6d88f1ce073683991d1eff5284a32690f/out/vs/workbench/api/node/extensionHostProcess.js:121:3669)
	at o (/home/nessa1/.vscode-server/bin/2b35e1e6d88f1ce073683991d1eff5284a32690f/out/vs/workbench/api/node/extensionHostProcess.js:30:754)
	at h.cb (/home/nessa1/.vscode-server/bin/2b35e1e6d88f1ce073683991d1eff5284a32690f/out/vs/workbench/api/node/extensionHostProcess.js:136:9843)
	at /home/nessa1/.vscode-server/bin/2b35e1e6d88f1ce073683991d1eff5284a32690f/out/vs/workbench/api/node/extensionHostProcess.js:136:7793
	at Array.map (<anonymous>)
	at h.Y (/home/nessa1/.vscode-server/bin/2b35e1e6d88f1ce073683991d1eff5284a32690f/out/vs/workbench/api/node/extensionHostProcess.js:136:7781)
	at h.terminate (/home/nessa1/.vscode-server/bin/2b35e1e6d88f1ce073683991d1eff5284a32690f/out/vs/workbench/api/node/extensionHostProcess.js:136:8051)
	at o.terminate (/home/nessa1/.vscode-server/bin/2b35e1e6d88f1ce073683991d1eff5284a32690f/out/vs/workbench/api/node/extensionHostProcess.js:140:1513)
	at a (/home/nessa1/.vscode-server/bin/2b35e1e6d88f1ce073683991d1eff5284a32690f/out/vs/workbench/api/node/extensionHostProcess.js:153:9817)
	at h.value (/home/nessa1/.vscode-server/bin/2b35e1e6d88f1ce073683991d1eff5284a32690f/out/vs/workbench/api/node/extensionHostProcess.js:153:7864)
	at c.y (/home/nessa1/.vscode-server/bin/2b35e1e6d88f1ce073683991d1eff5284a32690f/out/vs/workbench/api/node/extensionHostProcess.js:80:1902)
	at c.fire (/home/nessa1/.vscode-server/bin/2b35e1e6d88f1ce073683991d1eff5284a32690f/out/vs/workbench/api/node/extensionHostProcess.js:80:2119)
	at d.fire (/home/nessa1/.vscode-server/bin/2b35e1e6d88f1ce073683991d1eff5284a32690f/out/vs/workbench/api/node/extensionHostProcess.js:96:14047)
	at s.z (/home/nessa1/.vscode-server/bin/2b35e1e6d88f1ce073683991d1eff5284a32690f/out/vs/workbench/api/node/extensionHostProcess.js:96:17112)
	at h.value (/home/nessa1/.vscode-server/bin/2b35e1e6d88f1ce073683991d1eff5284a32690f/out/vs/workbench/api/node/extensionHostProcess.js:96:15564)
	at c.y (/home/nessa1/.vscode-server/bin/2b35e1e6d88f1ce073683991d1eff5284a32690f/out/vs/workbench/api/node/extensionHostProcess.js:80:1902)
	at c.fire (/home/nessa1/.vscode-server/bin/2b35e1e6d88f1ce073683991d1eff5284a32690f/out/vs/workbench/api/node/extensionHostProcess.js:80:2119)
	at h.acceptChunk (/home/nessa1/.vscode-server/bin/2b35e1e6d88f1ce073683991d1eff5284a32690f/out/vs/workbench/api/node/extensionHostProcess.js:96:11821)
	at h.value (/home/nessa1/.vscode-server/bin/2b35e1e6d88f1ce073683991d1eff5284a32690f/out/vs/workbench/api/node/extensionHostProcess.js:96:11108)
	at c.y (/home/nessa1/.vscode-server/bin/2b35e1e6d88f1ce073683991d1eff5284a32690f/out/vs/workbench/api/node/extensionHostProcess.js:80:1902)
	at c.fire (/home/nessa1/.vscode-server/bin/2b35e1e6d88f1ce073683991d1eff5284a32690f/out/vs/workbench/api/node/extensionHostProcess.js:80:2119)
	at c.z (/home/nessa1/.vscode-server/bin/2b35e1e6d88f1ce073683991d1eff5284a32690f/out/vs/workbench/api/node/extensionHostProcess.js:150:19408)
	at c.acceptFrame (/home/nessa1/.vscode-server/bin/2b35e1e6d88f1ce073683991d1eff5284a32690f/out/vs/workbench/api/node/extensionHostProcess.js:150:19214)
	at l.n (/home/nessa1/.vscode-server/bin/2b35e1e6d88f1ce073683991d1eff5284a32690f/out/vs/workbench/api/node/extensionHostProcess.js:150:17713)
	at /home/nessa1/.vscode-server/bin/2b35e1e6d88f1ce073683991d1eff5284a32690f/out/vs/workbench/api/node/extensionHostProcess.js:150:14933
	at Socket.p (/home/nessa1/.vscode-server/bin/2b35e1e6d88f1ce073683991d1eff5284a32690f/out/vs/workbench/api/node/extensionHostProcess.js:150:12838)
	at Socket.emit (node:events:513:28)
	at addChunk (node:internal/streams/readable:324:12)
	at readableAddChunk (node:internal/streams/readable:297:9)
	at Readable.push (node:internal/streams/readable:234:10)
	at TCP.onStreamRead (node:internal/stream_base_commons:190:23) setContext undefined
2023-11-09 13:22:24.457 [error] Canceled: Canceled
	at new f (/home/nessa1/.vscode-server/bin/2b35e1e6d88f1ce073683991d1eff5284a32690f/out/vs/workbench/api/node/extensionHostProcess.js:125:108614)
	at n.U (/home/nessa1/.vscode-server/bin/2b35e1e6d88f1ce073683991d1eff5284a32690f/out/vs/workbench/api/node/extensionHostProcess.js:134:10873)
	at F.<computed>.z.charCodeAt.F.<computed> (/home/nessa1/.vscode-server/bin/2b35e1e6d88f1ce073683991d1eff5284a32690f/out/vs/workbench/api/node/extensionHostProcess.js:134:8315)
	at i.g (/home/nessa1/.vscode-server/bin/2b35e1e6d88f1ce073683991d1eff5284a32690f/out/vs/workbench/api/node/extensionHostProcess.js:125:139130)
	at i.executeCommand (/home/nessa1/.vscode-server/bin/2b35e1e6d88f1ce073683991d1eff5284a32690f/out/vs/workbench/api/node/extensionHostProcess.js:125:138568)
	at $.registerCommand.description (/home/nessa1/.vscode-server/bin/2b35e1e6d88f1ce073683991d1eff5284a32690f/out/vs/workbench/api/node/extensionHostProcess.js:125:137892)
	at i.h (/home/nessa1/.vscode-server/bin/2b35e1e6d88f1ce073683991d1eff5284a32690f/out/vs/workbench/api/node/extensionHostProcess.js:125:139669)
	at i.g (/home/nessa1/.vscode-server/bin/2b35e1e6d88f1ce073683991d1eff5284a32690f/out/vs/workbench/api/node/extensionHostProcess.js:125:138661)
	at i.executeCommand (/home/nessa1/.vscode-server/bin/2b35e1e6d88f1ce073683991d1eff5284a32690f/out/vs/workbench/api/node/extensionHostProcess.js:125:138568)
	at Object.executeCommand (/home/nessa1/.vscode-server/bin/2b35e1e6d88f1ce073683991d1eff5284a32690f/out/vs/workbench/api/node/extensionHostProcess.js:140:21329)
	at h.D [as value] (/home/nessa1/.vscode-server/bin/2b35e1e6d88f1ce073683991d1eff5284a32690f/extensions/git/dist/main.js:2:1316925)
	at c.y (/home/nessa1/.vscode-server/bin/2b35e1e6d88f1ce073683991d1eff5284a32690f/out/vs/workbench/api/node/extensionHostProcess.js:80:1902)
	at c.z (/home/nessa1/.vscode-server/bin/2b35e1e6d88f1ce073683991d1eff5284a32690f/out/vs/workbench/api/node/extensionHostProcess.js:80:1972)
	at c.fire (/home/nessa1/.vscode-server/bin/2b35e1e6d88f1ce073683991d1eff5284a32690f/out/vs/workbench/api/node/extensionHostProcess.js:80:2188)
	at Object.m [as dispose] (/home/nessa1/.vscode-server/bin/2b35e1e6d88f1ce073683991d1eff5284a32690f/extensions/git/dist/main.js:2:1332842)
	at /home/nessa1/.vscode-server/bin/2b35e1e6d88f1ce073683991d1eff5284a32690f/extensions/git/dist/main.js:2:1337795
	at Array.forEach (<anonymous>)
	at g.dispose (/home/nessa1/.vscode-server/bin/2b35e1e6d88f1ce073683991d1eff5284a32690f/extensions/git/dist/main.js:2:1337781)
	at w.<anonymous> (/home/nessa1/.vscode-server/bin/2b35e1e6d88f1ce073683991d1eff5284a32690f/out/vs/workbench/api/node/extensionHostProcess.js:121:3572)
	at w.dispose (/home/nessa1/.vscode-server/bin/2b35e1e6d88f1ce073683991d1eff5284a32690f/out/vs/workbench/api/node/extensionHostProcess.js:121:3669)
	at w.<anonymous> (/home/nessa1/.vscode-server/bin/2b35e1e6d88f1ce073683991d1eff5284a32690f/extensions/git/dist/main.js:2:1318937)
	at w.dispose (/home/nessa1/.vscode-server/bin/2b35e1e6d88f1ce073683991d1eff5284a32690f/out/vs/workbench/api/node/extensionHostProcess.js:121:3669)
	at o (/home/nessa1/.vscode-server/bin/2b35e1e6d88f1ce073683991d1eff5284a32690f/out/vs/workbench/api/node/extensionHostProcess.js:30:754)
	at h.cb (/home/nessa1/.vscode-server/bin/2b35e1e6d88f1ce073683991d1eff5284a32690f/out/vs/workbench/api/node/extensionHostProcess.js:136:9843)
	at /home/nessa1/.vscode-server/bin/2b35e1e6d88f1ce073683991d1eff5284a32690f/out/vs/workbench/api/node/extensionHostProcess.js:136:7793
	at Array.map (<anonymous>)
	at h.Y (/home/nessa1/.vscode-server/bin/2b35e1e6d88f1ce073683991d1eff5284a32690f/out/vs/workbench/api/node/extensionHostProcess.js:136:7781)
	at h.terminate (/home/nessa1/.vscode-server/bin/2b35e1e6d88f1ce073683991d1eff5284a32690f/out/vs/workbench/api/node/extensionHostProcess.js:136:8051)
	at o.terminate (/home/nessa1/.vscode-server/bin/2b35e1e6d88f1ce073683991d1eff5284a32690f/out/vs/workbench/api/node/extensionHostProcess.js:140:1513)
	at a (/home/nessa1/.vscode-server/bin/2b35e1e6d88f1ce073683991d1eff5284a32690f/out/vs/workbench/api/node/extensionHostProcess.js:153:9817)
	at h.value (/home/nessa1/.vscode-server/bin/2b35e1e6d88f1ce073683991d1eff5284a32690f/out/vs/workbench/api/node/extensionHostProcess.js:153:7864)
	at c.y (/home/nessa1/.vscode-server/bin/2b35e1e6d88f1ce073683991d1eff5284a32690f/out/vs/workbench/api/node/extensionHostProcess.js:80:1902)
	at c.fire (/home/nessa1/.vscode-server/bin/2b35e1e6d88f1ce073683991d1eff5284a32690f/out/vs/workbench/api/node/extensionHostProcess.js:80:2119)
	at d.fire (/home/nessa1/.vscode-server/bin/2b35e1e6d88f1ce073683991d1eff5284a32690f/out/vs/workbench/api/node/extensionHostProcess.js:96:14047)
	at s.z (/home/nessa1/.vscode-server/bin/2b35e1e6d88f1ce073683991d1eff5284a32690f/out/vs/workbench/api/node/extensionHostProcess.js:96:17112)
	at h.value (/home/nessa1/.vscode-server/bin/2b35e1e6d88f1ce073683991d1eff5284a32690f/out/vs/workbench/api/node/extensionHostProcess.js:96:15564)
	at c.y (/home/nessa1/.vscode-server/bin/2b35e1e6d88f1ce073683991d1eff5284a32690f/out/vs/workbench/api/node/extensionHostProcess.js:80:1902)
	at c.fire (/home/nessa1/.vscode-server/bin/2b35e1e6d88f1ce073683991d1eff5284a32690f/out/vs/workbench/api/node/extensionHostProcess.js:80:2119)
	at h.acceptChunk (/home/nessa1/.vscode-server/bin/2b35e1e6d88f1ce073683991d1eff5284a32690f/out/vs/workbench/api/node/extensionHostProcess.js:96:11821)
	at h.value (/home/nessa1/.vscode-server/bin/2b35e1e6d88f1ce073683991d1eff5284a32690f/out/vs/workbench/api/node/extensionHostProcess.js:96:11108)
	at c.y (/home/nessa1/.vscode-server/bin/2b35e1e6d88f1ce073683991d1eff5284a32690f/out/vs/workbench/api/node/extensionHostProcess.js:80:1902)
	at c.fire (/home/nessa1/.vscode-server/bin/2b35e1e6d88f1ce073683991d1eff5284a32690f/out/vs/workbench/api/node/extensionHostProcess.js:80:2119)
	at c.z (/home/nessa1/.vscode-server/bin/2b35e1e6d88f1ce073683991d1eff5284a32690f/out/vs/workbench/api/node/extensionHostProcess.js:150:19408)
	at c.acceptFrame (/home/nessa1/.vscode-server/bin/2b35e1e6d88f1ce073683991d1eff5284a32690f/out/vs/workbench/api/node/extensionHostProcess.js:150:19214)
	at l.n (/home/nessa1/.vscode-server/bin/2b35e1e6d88f1ce073683991d1eff5284a32690f/out/vs/workbench/api/node/extensionHostProcess.js:150:17713)
	at /home/nessa1/.vscode-server/bin/2b35e1e6d88f1ce073683991d1eff5284a32690f/out/vs/workbench/api/node/extensionHostProcess.js:150:14933
	at Socket.p (/home/nessa1/.vscode-server/bin/2b35e1e6d88f1ce073683991d1eff5284a32690f/out/vs/workbench/api/node/extensionHostProcess.js:150:12838)
	at Socket.emit (node:events:513:28)
	at addChunk (node:internal/streams/readable:324:12)
	at readableAddChunk (node:internal/streams/readable:297:9)
	at Readable.push (node:internal/streams/readable:234:10)
	at TCP.onStreamRead (node:internal/stream_base_commons:190:23) setContext undefined
2023-11-09 13:22:24.458 [error] Canceled: Canceled
	at new f (/home/nessa1/.vscode-server/bin/2b35e1e6d88f1ce073683991d1eff5284a32690f/out/vs/workbench/api/node/extensionHostProcess.js:125:108614)
	at n.U (/home/nessa1/.vscode-server/bin/2b35e1e6d88f1ce073683991d1eff5284a32690f/out/vs/workbench/api/node/extensionHostProcess.js:134:10873)
	at F.<computed>.z.charCodeAt.F.<computed> (/home/nessa1/.vscode-server/bin/2b35e1e6d88f1ce073683991d1eff5284a32690f/out/vs/workbench/api/node/extensionHostProcess.js:134:8315)
	at i.g (/home/nessa1/.vscode-server/bin/2b35e1e6d88f1ce073683991d1eff5284a32690f/out/vs/workbench/api/node/extensionHostProcess.js:125:139130)
	at i.executeCommand (/home/nessa1/.vscode-server/bin/2b35e1e6d88f1ce073683991d1eff5284a32690f/out/vs/workbench/api/node/extensionHostProcess.js:125:138568)
	at $.registerCommand.description (/home/nessa1/.vscode-server/bin/2b35e1e6d88f1ce073683991d1eff5284a32690f/out/vs/workbench/api/node/extensionHostProcess.js:125:137892)
	at i.h (/home/nessa1/.vscode-server/bin/2b35e1e6d88f1ce073683991d1eff5284a32690f/out/vs/workbench/api/node/extensionHostProcess.js:125:139669)
	at i.g (/home/nessa1/.vscode-server/bin/2b35e1e6d88f1ce073683991d1eff5284a32690f/out/vs/workbench/api/node/extensionHostProcess.js:125:138661)
	at i.executeCommand (/home/nessa1/.vscode-server/bin/2b35e1e6d88f1ce073683991d1eff5284a32690f/out/vs/workbench/api/node/extensionHostProcess.js:125:138568)
	at Object.executeCommand (/home/nessa1/.vscode-server/bin/2b35e1e6d88f1ce073683991d1eff5284a32690f/out/vs/workbench/api/node/extensionHostProcess.js:140:21329)
	at set b [as b] (/home/nessa1/.vscode-server/bin/2b35e1e6d88f1ce073683991d1eff5284a32690f/extensions/github/dist/extension.js:2:714708)
	at /home/nessa1/.vscode-server/bin/2b35e1e6d88f1ce073683991d1eff5284a32690f/extensions/github/dist/extension.js:2:715349
	at h.value (/home/nessa1/.vscode-server/bin/2b35e1e6d88f1ce073683991d1eff5284a32690f/extensions/git/dist/main.js:2:1408111)
	at c.y (/home/nessa1/.vscode-server/bin/2b35e1e6d88f1ce073683991d1eff5284a32690f/out/vs/workbench/api/node/extensionHostProcess.js:80:1902)
	at c.z (/home/nessa1/.vscode-server/bin/2b35e1e6d88f1ce073683991d1eff5284a32690f/out/vs/workbench/api/node/extensionHostProcess.js:80:1972)
	at c.fire (/home/nessa1/.vscode-server/bin/2b35e1e6d88f1ce073683991d1eff5284a32690f/out/vs/workbench/api/node/extensionHostProcess.js:80:2188)
	at Object.m [as dispose] (/home/nessa1/.vscode-server/bin/2b35e1e6d88f1ce073683991d1eff5284a32690f/extensions/git/dist/main.js:2:1332842)
	at /home/nessa1/.vscode-server/bin/2b35e1e6d88f1ce073683991d1eff5284a32690f/extensions/git/dist/main.js:2:1337795
	at Array.forEach (<anonymous>)
	at g.dispose (/home/nessa1/.vscode-server/bin/2b35e1e6d88f1ce073683991d1eff5284a32690f/extensions/git/dist/main.js:2:1337781)
	at w.<anonymous> (/home/nessa1/.vscode-server/bin/2b35e1e6d88f1ce073683991d1eff5284a32690f/out/vs/workbench/api/node/extensionHostProcess.js:121:3572)
	at w.dispose (/home/nessa1/.vscode-server/bin/2b35e1e6d88f1ce073683991d1eff5284a32690f/out/vs/workbench/api/node/extensionHostProcess.js:121:3669)
	at w.<anonymous> (/home/nessa1/.vscode-server/bin/2b35e1e6d88f1ce073683991d1eff5284a32690f/extensions/git/dist/main.js:2:1318937)
	at w.dispose (/home/nessa1/.vscode-server/bin/2b35e1e6d88f1ce073683991d1eff5284a32690f/out/vs/workbench/api/node/extensionHostProcess.js:121:3669)
	at o (/home/nessa1/.vscode-server/bin/2b35e1e6d88f1ce073683991d1eff5284a32690f/out/vs/workbench/api/node/extensionHostProcess.js:30:754)
	at h.cb (/home/nessa1/.vscode-server/bin/2b35e1e6d88f1ce073683991d1eff5284a32690f/out/vs/workbench/api/node/extensionHostProcess.js:136:9843)
	at /home/nessa1/.vscode-server/bin/2b35e1e6d88f1ce073683991d1eff5284a32690f/out/vs/workbench/api/node/extensionHostProcess.js:136:7793
	at Array.map (<anonymous>)
	at h.Y (/home/nessa1/.vscode-server/bin/2b35e1e6d88f1ce073683991d1eff5284a32690f/out/vs/workbench/api/node/extensionHostProcess.js:136:7781)
	at h.terminate (/home/nessa1/.vscode-server/bin/2b35e1e6d88f1ce073683991d1eff5284a32690f/out/vs/workbench/api/node/extensionHostProcess.js:136:8051)
	at o.terminate (/home/nessa1/.vscode-server/bin/2b35e1e6d88f1ce073683991d1eff5284a32690f/out/vs/workbench/api/node/extensionHostProcess.js:140:1513)
	at a (/home/nessa1/.vscode-server/bin/2b35e1e6d88f1ce073683991d1eff5284a32690f/out/vs/workbench/api/node/extensionHostProcess.js:153:9817)
	at h.value (/home/nessa1/.vscode-server/bin/2b35e1e6d88f1ce073683991d1eff5284a32690f/out/vs/workbench/api/node/extensionHostProcess.js:153:7864)
	at c.y (/home/nessa1/.vscode-server/bin/2b35e1e6d88f1ce073683991d1eff5284a32690f/out/vs/workbench/api/node/extensionHostProcess.js:80:1902)
	at c.fire (/home/nessa1/.vscode-server/bin/2b35e1e6d88f1ce073683991d1eff5284a32690f/out/vs/workbench/api/node/extensionHostProcess.js:80:2119)
	at d.fire (/home/nessa1/.vscode-server/bin/2b35e1e6d88f1ce073683991d1eff5284a32690f/out/vs/workbench/api/node/extensionHostProcess.js:96:14047)
	at s.z (/home/nessa1/.vscode-server/bin/2b35e1e6d88f1ce073683991d1eff5284a32690f/out/vs/workbench/api/node/extensionHostProcess.js:96:17112)
	at h.value (/home/nessa1/.vscode-server/bin/2b35e1e6d88f1ce073683991d1eff5284a32690f/out/vs/workbench/api/node/extensionHostProcess.js:96:15564)
	at c.y (/home/nessa1/.vscode-server/bin/2b35e1e6d88f1ce073683991d1eff5284a32690f/out/vs/workbench/api/node/extensionHostProcess.js:80:1902)
	at c.fire (/home/nessa1/.vscode-server/bin/2b35e1e6d88f1ce073683991d1eff5284a32690f/out/vs/workbench/api/node/extensionHostProcess.js:80:2119)
	at h.acceptChunk (/home/nessa1/.vscode-server/bin/2b35e1e6d88f1ce073683991d1eff5284a32690f/out/vs/workbench/api/node/extensionHostProcess.js:96:11821)
	at h.value (/home/nessa1/.vscode-server/bin/2b35e1e6d88f1ce073683991d1eff5284a32690f/out/vs/workbench/api/node/extensionHostProcess.js:96:11108)
	at c.y (/home/nessa1/.vscode-server/bin/2b35e1e6d88f1ce073683991d1eff5284a32690f/out/vs/workbench/api/node/extensionHostProcess.js:80:1902)
	at c.fire (/home/nessa1/.vscode-server/bin/2b35e1e6d88f1ce073683991d1eff5284a32690f/out/vs/workbench/api/node/extensionHostProcess.js:80:2119)
	at c.z (/home/nessa1/.vscode-server/bin/2b35e1e6d88f1ce073683991d1eff5284a32690f/out/vs/workbench/api/node/extensionHostProcess.js:150:19408)
	at c.acceptFrame (/home/nessa1/.vscode-server/bin/2b35e1e6d88f1ce073683991d1eff5284a32690f/out/vs/workbench/api/node/extensionHostProcess.js:150:19214)
	at l.n (/home/nessa1/.vscode-server/bin/2b35e1e6d88f1ce073683991d1eff5284a32690f/out/vs/workbench/api/node/extensionHostProcess.js:150:17713)
	at /home/nessa1/.vscode-server/bin/2b35e1e6d88f1ce073683991d1eff5284a32690f/out/vs/workbench/api/node/extensionHostProcess.js:150:14933
	at Socket.p (/home/nessa1/.vscode-server/bin/2b35e1e6d88f1ce073683991d1eff5284a32690f/out/vs/workbench/api/node/extensionHostProcess.js:150:12838)
	at Socket.emit (node:events:513:28)
	at addChunk (node:internal/streams/readable:324:12)
	at readableAddChunk (node:internal/streams/readable:297:9)
	at Readable.push (node:internal/streams/readable:234:10)
	at TCP.onStreamRead (node:internal/stream_base_commons:190:23) setContext undefined
2023-11-09 13:22:24.458 [info] Extension host with pid 250 exiting with code 0
