2023-11-09 13:22:28.276 [info] Extension host with pid 518 started
2023-11-09 13:22:28.304 [info] Lock '/home/nessa1/.vscode-server/data/User/workspaceStorage/128dcde364cd0bf9001c21cefcc103dc/vscode.lock': Lock acquired.
2023-11-09 13:22:28.340 [info] ExtensionService#_doActivateExtension vscode.git-base, startup: true, activationEvent: '*'
2023-11-09 13:22:28.378 [info] ExtensionService#_doActivateExtension vscode.github, startup: true, activationEvent: '*'
2023-11-09 13:22:28.645 [info] Eager extensions activated
2023-11-09 13:22:28.646 [info] ExtensionService#_doActivateExtension vscode.debug-auto-launch, startup: false, activationEvent: 'onStartupFinished'
2023-11-09 13:22:28.647 [info] ExtensionService#_doActivateExtension vscode.merge-conflict, startup: false, activationEvent: 'onStartupFinished'
2023-11-09 13:22:32.370 [info] ExtensionService#_doActivateExtension vscode.git, startup: false, activationEvent: 'api', root cause: vscode.github
2023-11-09 13:22:39.621 [info] ExtensionService#_doActivateExtension vscode.html-language-features, startup: false, activationEvent: 'onLanguage:html'
2023-11-09 13:22:39.622 [info] ExtensionService#_doActivateExtension vscode.emmet, startup: false, activationEvent: 'onLanguage'
2023-11-09 13:22:43.269 [info] ExtensionService#_doActivateExtension vscode.typescript-language-features, startup: false, activationEvent: 'onLanguage:javascript'
2023-11-09 13:32:27.109 [info] ExtensionService#_doActivateExtension vscode.npm, startup: false, activationEvent: 'onTerminalQuickFixRequest:ms-vscode.npm-command'
2023-11-09 22:22:15.602 [info] ExtensionService#_doActivateExtension vscode.extension-editing, startup: false, activationEvent: 'onLanguage:markdown'
2023-11-09 22:22:15.602 [info] ExtensionService#_doActivateExtension vscode.markdown-language-features, startup: false, activationEvent: 'onLanguage:markdown'
2023-11-09 22:22:15.900 [info] ExtensionService#_doActivateExtension vscode.markdown-math, startup: false, activationEvent: 'api', root cause: vscode.markdown-language-features
2023-11-09 22:24:38.792 [info] ExtensionService#_doActivateExtension ms-vscode.js-debug, startup: false, activationEvent: 'onDebugInitialConfigurations'
2023-11-09 22:24:42.357 [info] ExtensionService#_doActivateExtension vscode.debug-server-ready, startup: false, activationEvent: 'onDebugResolve'
2023-11-09 22:24:57.793 [info] ExtensionService#_doActivateExtension vscode.json-language-features, startup: false, activationEvent: 'onLanguage:jsonc'
2023-11-09 22:28:41.655 [info] Extension host terminating: received terminate message from renderer
2023-11-09 22:28:41.656 [info] Lock '/home/nessa1/.vscode-server/data/User/workspaceStorage/128dcde364cd0bf9001c21cefcc103dc/vscode.lock': Marking the lockfile as scheduled to be released in 6000 ms.
2023-11-09 22:28:41.709 [error] Canceled: Canceled
	at new f (/home/nessa1/.vscode-server/bin/2b35e1e6d88f1ce073683991d1eff5284a32690f/out/vs/workbench/api/node/extensionHostProcess.js:125:108614)
	at n.U (/home/nessa1/.vscode-server/bin/2b35e1e6d88f1ce073683991d1eff5284a32690f/out/vs/workbench/api/node/extensionHostProcess.js:134:10873)
	at F.<computed>.z.charCodeAt.F.<computed> (/home/nessa1/.vscode-server/bin/2b35e1e6d88f1ce073683991d1eff5284a32690f/out/vs/workbench/api/node/extensionHostProcess.js:134:8315)
	at i.g (/home/nessa1/.vscode-server/bin/2b35e1e6d88f1ce073683991d1eff5284a32690f/out/vs/workbench/api/node/extensionHostProcess.js:125:139130)
	at i.executeCommand (/home/nessa1/.vscode-server/bin/2b35e1e6d88f1ce073683991d1eff5284a32690f/out/vs/workbench/api/node/extensionHostProcess.js:125:138568)
	at $.registerCommand.description (/home/nessa1/.vscode-server/bin/2b35e1e6d88f1ce073683991d1eff5284a32690f/out/vs/workbench/api/node/extensionHostProcess.js:125:137892)
	at i.h (/home/nessa1/.vscode-server/bin/2b35e1e6d88f1ce073683991d1eff5284a32690f/out/vs/workbench/api/node/extensionHostProcess.js:125:139669)
	at i.g (/home/nessa1/.vscode-server/bin/2b35e1e6d88f1ce073683991d1eff5284a32690f/out/vs/workbench/api/node/extensionHostProcess.js:125:138661)
	at i.executeCommand (/home/nessa1/.vscode-server/bin/2b35e1e6d88f1ce073683991d1eff5284a32690f/out/vs/workbench/api/node/extensionHostProcess.js:125:138568)
	at Object.executeCommand (/home/nessa1/.vscode-server/bin/2b35e1e6d88f1ce073683991d1eff5284a32690f/out/vs/workbench/api/node/extensionHostProcess.js:140:21329)
	at h.D [as value] (/home/nessa1/.vscode-server/bin/2b35e1e6d88f1ce073683991d1eff5284a32690f/extensions/git/dist/main.js:2:1316925)
	at c.y (/home/nessa1/.vscode-server/bin/2b35e1e6d88f1ce073683991d1eff5284a32690f/out/vs/workbench/api/node/extensionHostProcess.js:80:1902)
	at c.z (/home/nessa1/.vscode-server/bin/2b35e1e6d88f1ce073683991d1eff5284a32690f/out/vs/workbench/api/node/extensionHostProcess.js:80:1972)
	at c.fire (/home/nessa1/.vscode-server/bin/2b35e1e6d88f1ce073683991d1eff5284a32690f/out/vs/workbench/api/node/extensionHostProcess.js:80:2188)
	at Object.m [as dispose] (/home/nessa1/.vscode-server/bin/2b35e1e6d88f1ce073683991d1eff5284a32690f/extensions/git/dist/main.js:2:1332842)
	at /home/nessa1/.vscode-server/bin/2b35e1e6d88f1ce073683991d1eff5284a32690f/extensions/git/dist/main.js:2:1337795
	at Array.forEach (<anonymous>)
	at g.dispose (/home/nessa1/.vscode-server/bin/2b35e1e6d88f1ce073683991d1eff5284a32690f/extensions/git/dist/main.js:2:1337781)
	at w.<anonymous> (/home/nessa1/.vscode-server/bin/2b35e1e6d88f1ce073683991d1eff5284a32690f/out/vs/workbench/api/node/extensionHostProcess.js:121:3572)
	at w.dispose (/home/nessa1/.vscode-server/bin/2b35e1e6d88f1ce073683991d1eff5284a32690f/out/vs/workbench/api/node/extensionHostProcess.js:121:3669)
	at w.<anonymous> (/home/nessa1/.vscode-server/bin/2b35e1e6d88f1ce073683991d1eff5284a32690f/extensions/git/dist/main.js:2:1318937)
	at w.dispose (/home/nessa1/.vscode-server/bin/2b35e1e6d88f1ce073683991d1eff5284a32690f/out/vs/workbench/api/node/extensionHostProcess.js:121:3669)
	at o (/home/nessa1/.vscode-server/bin/2b35e1e6d88f1ce073683991d1eff5284a32690f/out/vs/workbench/api/node/extensionHostProcess.js:30:754)
	at h.cb (/home/nessa1/.vscode-server/bin/2b35e1e6d88f1ce073683991d1eff5284a32690f/out/vs/workbench/api/node/extensionHostProcess.js:136:9843)
	at /home/nessa1/.vscode-server/bin/2b35e1e6d88f1ce073683991d1eff5284a32690f/out/vs/workbench/api/node/extensionHostProcess.js:136:7793
	at Array.map (<anonymous>)
	at h.Y (/home/nessa1/.vscode-server/bin/2b35e1e6d88f1ce073683991d1eff5284a32690f/out/vs/workbench/api/node/extensionHostProcess.js:136:7781)
	at h.terminate (/home/nessa1/.vscode-server/bin/2b35e1e6d88f1ce073683991d1eff5284a32690f/out/vs/workbench/api/node/extensionHostProcess.js:136:8051)
	at o.terminate (/home/nessa1/.vscode-server/bin/2b35e1e6d88f1ce073683991d1eff5284a32690f/out/vs/workbench/api/node/extensionHostProcess.js:140:1513)
	at a (/home/nessa1/.vscode-server/bin/2b35e1e6d88f1ce073683991d1eff5284a32690f/out/vs/workbench/api/node/extensionHostProcess.js:153:9817)
	at h.value (/home/nessa1/.vscode-server/bin/2b35e1e6d88f1ce073683991d1eff5284a32690f/out/vs/workbench/api/node/extensionHostProcess.js:153:7864)
	at c.y (/home/nessa1/.vscode-server/bin/2b35e1e6d88f1ce073683991d1eff5284a32690f/out/vs/workbench/api/node/extensionHostProcess.js:80:1902)
	at c.fire (/home/nessa1/.vscode-server/bin/2b35e1e6d88f1ce073683991d1eff5284a32690f/out/vs/workbench/api/node/extensionHostProcess.js:80:2119)
	at d.fire (/home/nessa1/.vscode-server/bin/2b35e1e6d88f1ce073683991d1eff5284a32690f/out/vs/workbench/api/node/extensionHostProcess.js:96:14047)
	at s.z (/home/nessa1/.vscode-server/bin/2b35e1e6d88f1ce073683991d1eff5284a32690f/out/vs/workbench/api/node/extensionHostProcess.js:96:17112)
	at h.value (/home/nessa1/.vscode-server/bin/2b35e1e6d88f1ce073683991d1eff5284a32690f/out/vs/workbench/api/node/extensionHostProcess.js:96:16517)
	at c.y (/home/nessa1/.vscode-server/bin/2b35e1e6d88f1ce073683991d1eff5284a32690f/out/vs/workbench/api/node/extensionHostProcess.js:80:1902)
	at c.fire (/home/nessa1/.vscode-server/bin/2b35e1e6d88f1ce073683991d1eff5284a32690f/out/vs/workbench/api/node/extensionHostProcess.js:80:2119)
	at h.acceptChunk (/home/nessa1/.vscode-server/bin/2b35e1e6d88f1ce073683991d1eff5284a32690f/out/vs/workbench/api/node/extensionHostProcess.js:96:11821)
	at h.value (/home/nessa1/.vscode-server/bin/2b35e1e6d88f1ce073683991d1eff5284a32690f/out/vs/workbench/api/node/extensionHostProcess.js:96:11108)
	at c.y (/home/nessa1/.vscode-server/bin/2b35e1e6d88f1ce073683991d1eff5284a32690f/out/vs/workbench/api/node/extensionHostProcess.js:80:1902)
	at c.fire (/home/nessa1/.vscode-server/bin/2b35e1e6d88f1ce073683991d1eff5284a32690f/out/vs/workbench/api/node/extensionHostProcess.js:80:2119)
	at c.z (/home/nessa1/.vscode-server/bin/2b35e1e6d88f1ce073683991d1eff5284a32690f/out/vs/workbench/api/node/extensionHostProcess.js:150:19408)
	at c.acceptFrame (/home/nessa1/.vscode-server/bin/2b35e1e6d88f1ce073683991d1eff5284a32690f/out/vs/workbench/api/node/extensionHostProcess.js:150:19214)
	at l.n (/home/nessa1/.vscode-server/bin/2b35e1e6d88f1ce073683991d1eff5284a32690f/out/vs/workbench/api/node/extensionHostProcess.js:150:17713)
	at /home/nessa1/.vscode-server/bin/2b35e1e6d88f1ce073683991d1eff5284a32690f/out/vs/workbench/api/node/extensionHostProcess.js:150:14933
	at Socket.p (/home/nessa1/.vscode-server/bin/2b35e1e6d88f1ce073683991d1eff5284a32690f/out/vs/workbench/api/node/extensionHostProcess.js:150:12838)
	at Socket.emit (node:events:513:28)
	at addChunk (node:internal/streams/readable:324:12)
	at readableAddChunk (node:internal/streams/readable:297:9)
	at Readable.push (node:internal/streams/readable:234:10)
	at TCP.onStreamRead (node:internal/stream_base_commons:190:23) setContext undefined
2023-11-09 22:28:41.709 [error] Canceled: Canceled
	at new f (/home/nessa1/.vscode-server/bin/2b35e1e6d88f1ce073683991d1eff5284a32690f/out/vs/workbench/api/node/extensionHostProcess.js:125:108614)
	at n.U (/home/nessa1/.vscode-server/bin/2b35e1e6d88f1ce073683991d1eff5284a32690f/out/vs/workbench/api/node/extensionHostProcess.js:134:10873)
	at F.<computed>.z.charCodeAt.F.<computed> (/home/nessa1/.vscode-server/bin/2b35e1e6d88f1ce073683991d1eff5284a32690f/out/vs/workbench/api/node/extensionHostProcess.js:134:8315)
	at i.g (/home/nessa1/.vscode-server/bin/2b35e1e6d88f1ce073683991d1eff5284a32690f/out/vs/workbench/api/node/extensionHostProcess.js:125:139130)
	at i.executeCommand (/home/nessa1/.vscode-server/bin/2b35e1e6d88f1ce073683991d1eff5284a32690f/out/vs/workbench/api/node/extensionHostProcess.js:125:138568)
	at $.registerCommand.description (/home/nessa1/.vscode-server/bin/2b35e1e6d88f1ce073683991d1eff5284a32690f/out/vs/workbench/api/node/extensionHostProcess.js:125:137892)
	at i.h (/home/nessa1/.vscode-server/bin/2b35e1e6d88f1ce073683991d1eff5284a32690f/out/vs/workbench/api/node/extensionHostProcess.js:125:139669)
	at i.g (/home/nessa1/.vscode-server/bin/2b35e1e6d88f1ce073683991d1eff5284a32690f/out/vs/workbench/api/node/extensionHostProcess.js:125:138661)
	at i.executeCommand (/home/nessa1/.vscode-server/bin/2b35e1e6d88f1ce073683991d1eff5284a32690f/out/vs/workbench/api/node/extensionHostProcess.js:125:138568)
	at Object.executeCommand (/home/nessa1/.vscode-server/bin/2b35e1e6d88f1ce073683991d1eff5284a32690f/out/vs/workbench/api/node/extensionHostProcess.js:140:21329)
	at set b [as b] (/home/nessa1/.vscode-server/bin/2b35e1e6d88f1ce073683991d1eff5284a32690f/extensions/github/dist/extension.js:2:714708)
	at /home/nessa1/.vscode-server/bin/2b35e1e6d88f1ce073683991d1eff5284a32690f/extensions/github/dist/extension.js:2:715349
	at h.value (/home/nessa1/.vscode-server/bin/2b35e1e6d88f1ce073683991d1eff5284a32690f/extensions/git/dist/main.js:2:1408111)
	at c.y (/home/nessa1/.vscode-server/bin/2b35e1e6d88f1ce073683991d1eff5284a32690f/out/vs/workbench/api/node/extensionHostProcess.js:80:1902)
	at c.z (/home/nessa1/.vscode-server/bin/2b35e1e6d88f1ce073683991d1eff5284a32690f/out/vs/workbench/api/node/extensionHostProcess.js:80:1972)
	at c.fire (/home/nessa1/.vscode-server/bin/2b35e1e6d88f1ce073683991d1eff5284a32690f/out/vs/workbench/api/node/extensionHostProcess.js:80:2188)
	at Object.m [as dispose] (/home/nessa1/.vscode-server/bin/2b35e1e6d88f1ce073683991d1eff5284a32690f/extensions/git/dist/main.js:2:1332842)
	at /home/nessa1/.vscode-server/bin/2b35e1e6d88f1ce073683991d1eff5284a32690f/extensions/git/dist/main.js:2:1337795
	at Array.forEach (<anonymous>)
	at g.dispose (/home/nessa1/.vscode-server/bin/2b35e1e6d88f1ce073683991d1eff5284a32690f/extensions/git/dist/main.js:2:1337781)
	at w.<anonymous> (/home/nessa1/.vscode-server/bin/2b35e1e6d88f1ce073683991d1eff5284a32690f/out/vs/workbench/api/node/extensionHostProcess.js:121:3572)
	at w.dispose (/home/nessa1/.vscode-server/bin/2b35e1e6d88f1ce073683991d1eff5284a32690f/out/vs/workbench/api/node/extensionHostProcess.js:121:3669)
	at w.<anonymous> (/home/nessa1/.vscode-server/bin/2b35e1e6d88f1ce073683991d1eff5284a32690f/extensions/git/dist/main.js:2:1318937)
	at w.dispose (/home/nessa1/.vscode-server/bin/2b35e1e6d88f1ce073683991d1eff5284a32690f/out/vs/workbench/api/node/extensionHostProcess.js:121:3669)
	at o (/home/nessa1/.vscode-server/bin/2b35e1e6d88f1ce073683991d1eff5284a32690f/out/vs/workbench/api/node/extensionHostProcess.js:30:754)
	at h.cb (/home/nessa1/.vscode-server/bin/2b35e1e6d88f1ce073683991d1eff5284a32690f/out/vs/workbench/api/node/extensionHostProcess.js:136:9843)
	at /home/nessa1/.vscode-server/bin/2b35e1e6d88f1ce073683991d1eff5284a32690f/out/vs/workbench/api/node/extensionHostProcess.js:136:7793
	at Array.map (<anonymous>)
	at h.Y (/home/nessa1/.vscode-server/bin/2b35e1e6d88f1ce073683991d1eff5284a32690f/out/vs/workbench/api/node/extensionHostProcess.js:136:7781)
	at h.terminate (/home/nessa1/.vscode-server/bin/2b35e1e6d88f1ce073683991d1eff5284a32690f/out/vs/workbench/api/node/extensionHostProcess.js:136:8051)
	at o.terminate (/home/nessa1/.vscode-server/bin/2b35e1e6d88f1ce073683991d1eff5284a32690f/out/vs/workbench/api/node/extensionHostProcess.js:140:1513)
	at a (/home/nessa1/.vscode-server/bin/2b35e1e6d88f1ce073683991d1eff5284a32690f/out/vs/workbench/api/node/extensionHostProcess.js:153:9817)
	at h.value (/home/nessa1/.vscode-server/bin/2b35e1e6d88f1ce073683991d1eff5284a32690f/out/vs/workbench/api/node/extensionHostProcess.js:153:7864)
	at c.y (/home/nessa1/.vscode-server/bin/2b35e1e6d88f1ce073683991d1eff5284a32690f/out/vs/workbench/api/node/extensionHostProcess.js:80:1902)
	at c.fire (/home/nessa1/.vscode-server/bin/2b35e1e6d88f1ce073683991d1eff5284a32690f/out/vs/workbench/api/node/extensionHostProcess.js:80:2119)
	at d.fire (/home/nessa1/.vscode-server/bin/2b35e1e6d88f1ce073683991d1eff5284a32690f/out/vs/workbench/api/node/extensionHostProcess.js:96:14047)
	at s.z (/home/nessa1/.vscode-server/bin/2b35e1e6d88f1ce073683991d1eff5284a32690f/out/vs/workbench/api/node/extensionHostProcess.js:96:17112)
	at h.value (/home/nessa1/.vscode-server/bin/2b35e1e6d88f1ce073683991d1eff5284a32690f/out/vs/workbench/api/node/extensionHostProcess.js:96:16517)
	at c.y (/home/nessa1/.vscode-server/bin/2b35e1e6d88f1ce073683991d1eff5284a32690f/out/vs/workbench/api/node/extensionHostProcess.js:80:1902)
	at c.fire (/home/nessa1/.vscode-server/bin/2b35e1e6d88f1ce073683991d1eff5284a32690f/out/vs/workbench/api/node/extensionHostProcess.js:80:2119)
	at h.acceptChunk (/home/nessa1/.vscode-server/bin/2b35e1e6d88f1ce073683991d1eff5284a32690f/out/vs/workbench/api/node/extensionHostProcess.js:96:11821)
	at h.value (/home/nessa1/.vscode-server/bin/2b35e1e6d88f1ce073683991d1eff5284a32690f/out/vs/workbench/api/node/extensionHostProcess.js:96:11108)
	at c.y (/home/nessa1/.vscode-server/bin/2b35e1e6d88f1ce073683991d1eff5284a32690f/out/vs/workbench/api/node/extensionHostProcess.js:80:1902)
	at c.fire (/home/nessa1/.vscode-server/bin/2b35e1e6d88f1ce073683991d1eff5284a32690f/out/vs/workbench/api/node/extensionHostProcess.js:80:2119)
	at c.z (/home/nessa1/.vscode-server/bin/2b35e1e6d88f1ce073683991d1eff5284a32690f/out/vs/workbench/api/node/extensionHostProcess.js:150:19408)
	at c.acceptFrame (/home/nessa1/.vscode-server/bin/2b35e1e6d88f1ce073683991d1eff5284a32690f/out/vs/workbench/api/node/extensionHostProcess.js:150:19214)
	at l.n (/home/nessa1/.vscode-server/bin/2b35e1e6d88f1ce073683991d1eff5284a32690f/out/vs/workbench/api/node/extensionHostProcess.js:150:17713)
	at /home/nessa1/.vscode-server/bin/2b35e1e6d88f1ce073683991d1eff5284a32690f/out/vs/workbench/api/node/extensionHostProcess.js:150:14933
	at Socket.p (/home/nessa1/.vscode-server/bin/2b35e1e6d88f1ce073683991d1eff5284a32690f/out/vs/workbench/api/node/extensionHostProcess.js:150:12838)
	at Socket.emit (node:events:513:28)
	at addChunk (node:internal/streams/readable:324:12)
	at readableAddChunk (node:internal/streams/readable:297:9)
	at Readable.push (node:internal/streams/readable:234:10)
	at TCP.onStreamRead (node:internal/stream_base_commons:190:23) setContext undefined
2023-11-09 22:28:41.736 [info] Extension host with pid 518 exiting with code 0
