2023-12-20 17:07:17.302 [info] Log level: Info
2023-12-20 17:07:17.302 [info] Validating found git in: "git"
2023-12-20 17:07:17.302 [info] Using git "2.34.1" from "git"
2023-12-20 17:07:17.307 [info] > git rev-parse --show-toplevel [5ms]
2023-12-20 17:07:17.307 [info] fatal: not a git repository (or any parent up to mount point /mnt)
Stopping at filesystem boundary (GIT_DISCOVERY_ACROSS_FILESYSTEM not set).
2023-12-20 17:07:17.320 [info] > git rev-parse --show-toplevel [4ms]
2023-12-20 17:07:17.320 [info] fatal: not a git repository (or any parent up to mount point /mnt)
Stopping at filesystem boundary (GIT_DISCOVERY_ACROSS_FILESYSTEM not set).
2023-12-20 17:07:17.331 [info] > git rev-parse --show-toplevel [5ms]
2023-12-20 17:07:17.331 [info] fatal: not a git repository (or any parent up to mount point /mnt)
Stopping at filesystem boundary (GIT_DISCOVERY_ACROSS_FILESYSTEM not set).
2023-12-20 17:07:17.340 [info] > git rev-parse --show-toplevel [4ms]
2023-12-20 17:07:17.340 [info] fatal: not a git repository (or any parent up to mount point /mnt)
Stopping at filesystem boundary (GIT_DISCOVERY_ACROSS_FILESYSTEM not set).
2023-12-20 17:07:17.347 [info] > git rev-parse --show-toplevel [5ms]
2023-12-20 17:07:17.347 [info] fatal: not a git repository (or any parent up to mount point /mnt)
Stopping at filesystem boundary (GIT_DISCOVERY_ACROSS_FILESYSTEM not set).
2023-12-20 17:07:17.358 [info] > git rev-parse --show-toplevel [5ms]
2023-12-20 17:07:17.358 [info] fatal: not a git repository (or any parent up to mount point /mnt)
Stopping at filesystem boundary (GIT_DISCOVERY_ACROSS_FILESYSTEM not set).
2023-12-20 17:07:17.366 [info] > git rev-parse --show-toplevel [4ms]
2023-12-20 17:07:17.366 [info] fatal: not a git repository (or any parent up to mount point /mnt)
Stopping at filesystem boundary (GIT_DISCOVERY_ACROSS_FILESYSTEM not set).
2023-12-20 17:07:17.374 [info] > git rev-parse --show-toplevel [4ms]
2023-12-20 17:07:17.374 [info] fatal: not a git repository (or any parent up to mount point /mnt)
Stopping at filesystem boundary (GIT_DISCOVERY_ACROSS_FILESYSTEM not set).
2023-12-20 17:07:17.384 [info] > git rev-parse --show-toplevel [4ms]
2023-12-20 17:07:17.384 [info] fatal: not a git repository (or any parent up to mount point /mnt)
Stopping at filesystem boundary (GIT_DISCOVERY_ACROSS_FILESYSTEM not set).
2023-12-20 17:07:17.392 [info] > git rev-parse --show-toplevel [4ms]
2023-12-20 17:07:17.392 [info] fatal: not a git repository (or any parent up to mount point /mnt)
Stopping at filesystem boundary (GIT_DISCOVERY_ACROSS_FILESYSTEM not set).
2023-12-20 17:07:17.399 [info] > git rev-parse --show-toplevel [3ms]
2023-12-20 17:07:17.399 [info] fatal: not a git repository (or any parent up to mount point /mnt)
Stopping at filesystem boundary (GIT_DISCOVERY_ACROSS_FILESYSTEM not set).
2023-12-20 17:07:17.406 [info] > git rev-parse --show-toplevel [3ms]
2023-12-20 17:07:17.406 [info] fatal: not a git repository (or any parent up to mount point /mnt)
Stopping at filesystem boundary (GIT_DISCOVERY_ACROSS_FILESYSTEM not set).
2023-12-20 17:07:17.413 [info] > git rev-parse --show-toplevel [4ms]
2023-12-20 17:07:17.413 [info] fatal: not a git repository (or any parent up to mount point /mnt)
Stopping at filesystem boundary (GIT_DISCOVERY_ACROSS_FILESYSTEM not set).
2023-12-20 17:07:17.422 [info] > git rev-parse --show-toplevel [3ms]
2023-12-20 17:07:17.422 [info] fatal: not a git repository (or any parent up to mount point /mnt)
Stopping at filesystem boundary (GIT_DISCOVERY_ACROSS_FILESYSTEM not set).
2023-12-20 17:07:17.429 [info] > git rev-parse --show-toplevel [3ms]
2023-12-20 17:07:17.429 [info] fatal: not a git repository (or any parent up to mount point /mnt)
Stopping at filesystem boundary (GIT_DISCOVERY_ACROSS_FILESYSTEM not set).
2023-12-20 17:07:17.436 [info] > git rev-parse --show-toplevel [3ms]
2023-12-20 17:07:17.436 [info] fatal: not a git repository (or any parent up to mount point /mnt)
Stopping at filesystem boundary (GIT_DISCOVERY_ACROSS_FILESYSTEM not set).
2023-12-20 17:07:17.443 [info] > git rev-parse --show-toplevel [4ms]
2023-12-20 17:07:17.443 [info] fatal: not a git repository (or any parent up to mount point /mnt)
Stopping at filesystem boundary (GIT_DISCOVERY_ACROSS_FILESYSTEM not set).
2023-12-20 17:15:53.628 [info] > git rev-parse --show-toplevel [5ms]
2023-12-20 17:15:53.628 [info] fatal: not a git repository (or any parent up to mount point /mnt)
Stopping at filesystem boundary (GIT_DISCOVERY_ACROSS_FILESYSTEM not set).
2023-12-20 17:21:21.632 [info] > git rev-parse --show-toplevel [5ms]
2023-12-20 17:21:21.632 [info] fatal: not a git repository (or any parent up to mount point /mnt)
Stopping at filesystem boundary (GIT_DISCOVERY_ACROSS_FILESYSTEM not set).
